<?xml version="1.0" encoding="UTF-8"?>
<!-- Generated by org.testng.reporters.JUnitXMLReporter -->
<testsuite ignored="0" hostname="Asus-TUF-Gaming" failures="0" tests="3" name="Default test" time="6.616" errors="0" timestamp="2023-06-12T13:40:05 IST">
  <testcase classname="selenium.DemoWebShopTestNG" name="verifyHomePageElements" time="0.067"/>
  <testcase classname="selenium.DemoWebShopTestNG" name="addToCartFirstProduct" time="0.001"/>
  <testcase classname="selenium.DemoWebShopTestNG" name="verifyAddToCartPage" time="0.002"/>
</testsuite> <!-- Default test -->
