<?xml version="1.0" encoding="UTF-8"?>
<testng-results ignored="0" total="3" passed="3" failed="0" skipped="0">
  <reporter-output>
  </reporter-output>
  <suite started-at="2023-06-12T13:39:58 IST" name="Default suite" finished-at="2023-06-12T13:40:05 IST" duration-ms="6616">
    <groups>
    </groups>
    <test started-at="2023-06-12T13:39:58 IST" name="Default test" finished-at="2023-06-12T13:40:05 IST" duration-ms="6616">
      <class name="selenium.DemoWebShopTestNG">
        <test-method is-config="true" signature="setup()[pri:0, instance:selenium.DemoWebShopTestNG@7e5afaa6]" started-at="2023-06-12T13:39:58 IST" name="setup" finished-at="2023-06-12T13:40:04 IST" duration-ms="6083" status="PASS">
          <reporter-output>
          </reporter-output>
        </test-method> <!-- setup -->
        <test-method signature="verifyHomePageElements()[pri:0, instance:selenium.DemoWebShopTestNG@7e5afaa6]" started-at="2023-06-12T13:40:04 IST" name="verifyHomePageElements" finished-at="2023-06-12T13:40:05 IST" duration-ms="67" status="PASS">
          <reporter-output>
          </reporter-output>
        </test-method> <!-- verifyHomePageElements -->
        <test-method signature="addToCartFirstProduct()[pri:0, instance:selenium.DemoWebShopTestNG@7e5afaa6]" started-at="2023-06-12T13:40:05 IST" name="addToCartFirstProduct" finished-at="2023-06-12T13:40:05 IST" depends-on-methods="selenium.DemoWebShopTestNG.verifyHomePageElements" duration-ms="1" status="PASS">
          <reporter-output>
          </reporter-output>
        </test-method> <!-- addToCartFirstProduct -->
        <test-method signature="verifyAddToCartPage()[pri:0, instance:selenium.DemoWebShopTestNG@7e5afaa6]" started-at="2023-06-12T13:40:05 IST" name="verifyAddToCartPage" finished-at="2023-06-12T13:40:05 IST" depends-on-methods="selenium.DemoWebShopTestNG.addToCartFirstProduct" duration-ms="2" status="PASS">
          <reporter-output>
          </reporter-output>
        </test-method> <!-- verifyAddToCartPage -->
        <test-method is-config="true" signature="teardown()[pri:0, instance:selenium.DemoWebShopTestNG@7e5afaa6]" started-at="2023-06-12T13:40:05 IST" name="teardown" finished-at="2023-06-12T13:40:05 IST" duration-ms="390" status="PASS">
          <reporter-output>
          </reporter-output>
        </test-method> <!-- teardown -->
      </class> <!-- selenium.DemoWebShopTestNG -->
    </test> <!-- Default test -->
  </suite> <!-- Default suite -->
</testng-results>
